Using default weights: relation "model_decision_weights" does not exist
LINE 2:                 SELECT feature, weight FROM model_decision_w...
                                                    ^

Failed to initialize decision database: permission denied for schema public
LINE 2:                 CREATE TABLE IF NOT EXISTS model_decisions (
                                                   ^

Using default thresholds: relation "complexity_thresholds" does not exist
LINE 3:                 FROM complexity_thresholds
                             ^

CRITICAL:routing.auth_middleware:JWT_SECRET environment variable is required for secure authentication
Traceback (most recent call last):
  File "<frozen runpy>", line 198, in _run_module_as_main
  File "<frozen runpy>", line 88, in _run_code
  File "/opt/tower-echo-brain/src/main.py", line 50, in <module>
    from board_api import create_board_api
  File "/opt/tower-echo-brain/board_api.py", line 24, in <module>
    from routing.auth_middleware import (
  File "/opt/tower-echo-brain/routing/auth_middleware.py", line 205, in <module>
    auth_middleware = AuthMiddleware()
                      ^^^^^^^^^^^^^^^^
  File "/opt/tower-echo-brain/routing/auth_middleware.py", line 33, in __init__
    raise ValueError("JWT_SECRET must be configured. Fallback authentication is disabled for security.")
ValueError: JWT_SECRET must be configured. Fallback authentication is disabled for security.
